<?xml version="1.0" encoding="UTF-8"?>
<!-- Generated by org.testng.reporters.JUnitXMLReporter -->
<testsuite ignored="0" hostname="LAPTOP-KQJEGKUF" failures="1" tests="14" name="Surefire test" time="163.963" errors="0" timestamp="2023-01-13T13:09:29 GMT-05:00">
  <testcase classname="com.crm.qa.testcases.ContactsPageTest" name="verifyContactsPage" time="3.252"/>
  <testcase classname="com.crm.qa.testcases.ContactsPageTest" name="createNewContact" time="7.018"/>
  <testcase classname="com.crm.qa.testcases.ContactsPageTest" name="createNewContact" time="5.868"/>
  <testcase classname="com.crm.qa.testcases.ContactsPageTest" name="createNewContact" time="6.068"/>
  <testcase classname="com.crm.qa.testcases.HomePageTest" name="homePageTitleTest" time="0.012"/>
  <testcase classname="com.crm.qa.testcases.HomePageTest" name="verifyUserNameLabel" time="0.08"/>
  <testcase classname="com.crm.qa.testcases.HomePageTest" name="verifyContactsLinkTest" time="2.87"/>
  <testcase classname="com.crm.qa.testcases.LoginPageTest" name="loginPageTitleTest" time="0.047">
    <failure type="java.lang.AssertionError" message="expected [CRMPRO - CRM software for customer relationship management, sales, and support.] but found [Free CRM - CRM software for customer relationship management, sales, and support.]">
      <![CDATA[java.lang.AssertionError: expected [CRMPRO - CRM software for customer relationship management, sales, and support.] but found [Free CRM - CRM software for customer relationship management, sales, and support.]
at com.crm.qa.testcases.LoginPageTest.loginPageTitleTest(LoginPageTest.java:31)
at java.base/java.util.ArrayList.forEach(ArrayList.java:1511)
... Removed 38 stack frames]]>
    </failure>
  </testcase> <!-- loginPageTitleTest -->
  <testcase classname="com.crm.qa.testcases.LoginPageTest" name="validateCRMLogoTest" time="0.07"/>
  <testcase classname="com.crm.qa.testcases.LoginPageTest" name="loginTest" time="7.565"/>
  <testcase classname="com.crm.qa.testcases.TasksPageTest" name="verifyTasksPage" time="2.648"/>
  <testcase classname="com.crm.qa.testcases.TasksPageTest" name="createNewTask" time="5.665"/>
  <testcase classname="com.crm.qa.testcases.TasksPageTest" name="createNewTask" time="5.518"/>
  <testcase classname="com.crm.qa.testcases.TasksPageTest" name="createNewTask" time="5.411"/>
</testsuite> <!-- Surefire test -->
